v VICTORYDEVICE
# silvaco.file ASCII version=1.14.29 format=1 contents=SDB,Tables=1

Copyright "###################################################################"
Copyright "#                    Copyright Silvaco Inc. (c)                   #"
Copyright "#                            1992-2014                            #"
Copyright "#                                                                 #"
Copyright "# This file format and the following Key are copyright Silvaco    #"
Copyright "# International. You may not use, this format or key without      #"
Copyright "# reproducing this message in full and obtaining                  #"
Copyright "# express written permission from Silvaco Inc.                    #"
Copyright "#                                                                 #"
Copyright "# To obtain such permission please contact: Silvaco Inc.          #"
Copyright "#                                           support@silvaco.com   #"
Copyright "#                                                                 #"
Copyright "# KEY=SVC86hn7562asdx                       PROD=345              #"
Copyright "###################################################################"
#This file was created by VICTORYDEVICE version 1.24.0.R
#victoryd 1.24.0.R (Wed Jun 26 14:34:23 PDT 2024)
#libSDB 1.12.65 (Thu Dec  7 08:14:05 PST 2023)
a VICTORYDEVICE
j 1 9
k 3
r 1 92
x 3 43 42 46
w source 1 1
r 2 92
x 3 43 42 46
w drain 1 2
r 3 92
x 3 43 42 46
w gate 1 3
y 1 15
z 300
f 3 source drain gate
p 9 2 601 20 3 602 21 4 603 22
d 0 0 -1.8873906015684852e-09 0.7 0.7 1.8873906015299498e-09 0 0 0
d 0 0 -3.9346287593424633e-09 0.7 0.7 3.9346287596123277e-09 0.02 0.02 0
d 0 0 -8.1820691356188759e-09 0.7 0.7 8.1820691356649763e-09 0.04 0.04 0
d 0 0 -1.693135153058748e-08 0.7 0.7 1.6931351530514123e-08 0.06 0.06 0
d 0 0 -3.4748467300107116e-08 0.7 0.7 3.4748467300223874e-08 0.08 0.08 0
d 0 0 -7.0330568641053888e-08 0.7 0.7 7.0330568640723135e-08 0.1 0.1 0
d 0 0 -3.5911297161084519e-07 0.7 0.7 3.5911297161095827e-07 0.15 0.15 0
d 0 0 -1.2657961437467928e-06 0.7 0.7 1.2657961437468744e-06 0.2 0.2 0
d 0 0 -2.9118650541593719e-06 0.7 0.7 2.9118650541582979e-06 0.25 0.25 0
d 0 0 -5.0479418430062907e-06 0.7 0.7 5.0479418430063848e-06 0.3 0.3 0
d 0 0 -7.4192931062517818e-06 0.7 0.7 7.4192931062505765e-06 0.35 0.35 0
d 0 0 -9.8236427026960802e-06 0.7 0.7 9.8236427026961734e-06 0.4 0.4 0
d 0 0 -1.0296758366816823e-05 0.7 0.7 1.0296758366816919e-05 0.41 0.41 0
d 0 0 -1.0767062517290803e-05 0.7 0.7 1.0767062517289914e-05 0.42 0.42 0
d 0 0 -1.12345719555855e-05 0.7 0.7 1.1234571955585369e-05 0.43 0.43 0
d 0 0 -1.1698913182886116e-05 0.7 0.7 1.1698913182885594e-05 0.44 0.44 0
d 0 0 -1.2160230052385847e-05 0.7 0.7 1.2160230052385872e-05 0.45 0.45 0
d 0 0 -1.2618213272918496e-05 0.7 0.7 1.2618213272918022e-05 0.46 0.46 0
d 0 0 -1.307329758811864e-05 0.7 0.7 1.3073297588118634e-05 0.47 0.47 0
d 0 0 -1.3525396547804046e-05 0.7 0.7 1.352539654780372e-05 0.48 0.48 0
d 0 0 -1.3974699265506549e-05 0.7 0.7 1.3974699265506483e-05 0.49 0.49 0
d 0 0 -1.4421632837961236e-05 0.7 0.7 1.4421632837961225e-05 0.5 0.5 0
d 0 0 -1.4866180157847284e-05 0.7 0.7 1.4866180157847202e-05 0.51 0.51 0
d 0 0 -1.5308771497842956e-05 0.7 0.7 1.530877149784298e-05 0.52 0.52 0
d 0 0 -1.5749867025077728e-05 0.7 0.7 1.5749867025077802e-05 0.53 0.53 0
d 0 0 -1.6189581074173645e-05 0.7 0.7 1.6189581074173621e-05 0.54 0.54 0
d 0 0 -1.6628274878883358e-05 0.7 0.7 1.6628274878883324e-05 0.55 0.55 0
d 0 0 -1.706669723433886e-05 0.7 0.7 1.7066697234338819e-05 0.56 0.56 0
d 0 0 -1.7505415189720863e-05 0.7 0.7 1.7505415189720829e-05 0.57 0.57 0
d 0 0 -1.7944640708583932e-05 0.7 0.7 1.7944640708583837e-05 0.58 0.58 0
d 0 0 -1.8384598969452886e-05 0.7 0.7 1.8384598969452804e-05 0.59 0.59 0
d 0 0 -1.8825675989783301e-05 0.7 0.7 1.8825675989783329e-05 0.6 0.6 0
d 0 0 -1.9268248959210211e-05 0.7 0.7 1.9268248959210136e-05 0.61 0.61 0
d 0 0 -1.9712489431179751e-05 0.7 0.7 1.9712489431179782e-05 0.62 0.62 0
d 0 0 -2.0158420493584826e-05 0.7 0.7 2.0158420493584863e-05 0.63 0.63 0
d 0 0 -2.060600051822779e-05 0.7 0.7 2.0606000518227909e-05 0.64 0.64 0
d 0 0 -2.1055164266026004e-05 0.7 0.7 2.1055164266025984e-05 0.65 0.65 0
d 0 0 -2.1505840257344164e-05 0.7 0.7 2.1505840257344347e-05 0.66 0.66 0
d 0 0 -2.1957957614969113e-05 0.7 0.7 2.195795761496913e-05 0.67 0.67 0
d 0 0 -2.2411448626122785e-05 0.7 0.7 2.2411448626122775e-05 0.68 0.68 0
d 0 0 -2.2866249563001037e-05 0.7 0.7 2.286624956300102e-05 0.69 0.69 0
d 0 0 -2.3322300791459697e-05 0.7 0.7 2.3322300791459619e-05 0.7 0.7 0
Q 2 13 "Source Voltage"
Q 3 13 "Drain Voltage"
Q 4 13 "Gate Voltage"
Q 20 13 "Source Current"
Q 21 13 "Drain Current"
Q 22 13 "Gate Current"
Q 92 21 Contact
Q 601 13 "Source Int. Voltage"
Q 602 13 "Drain Int. Voltage"
Q 603 13 "Gate Int. Voltage"
EOF 109786104
